# JRE version: Java(TM) SE Runtime Environment (8.0_221-b11) (build 1.8.0_221-b11)
# Java VM: Java HotSpot(TM) 64-Bit Server VM (25.221-b11 mixed mode windows-amd64 compressed oops)
Heap:
 PSYoungGen      total 310272K, used 135471K [0x00000000d5c00000, 0x00000000ea400000, 0x0000000100000000)
  eden space 292864K, 40% used [0x00000000d5c00000,0x00000000dcf52250,0x00000000e7a00000)
  from space 17408K, 99% used [0x00000000e8e80000,0x00000000e9f79b08,0x00000000e9f80000)
  to   space 20992K, 0% used [0x00000000e7a00000,0x00000000e7a00000,0x00000000e8e80000)
 ParOldGen       total 84480K, used 24508K [0x0000000081400000, 0x0000000086680000, 0x00000000d5c00000)
  object space 84480K, 29% used [0x0000000081400000,0x0000000082bef2d0,0x0000000086680000)
 Metaspace       used 53025K, capacity 53654K, committed 53888K, reserved 1095680K
  class space    used 6832K, capacity 7014K, committed 7040K, reserved 1048576K
GC Heap History (10 events):
Event: 4.646 GC heap before
{Heap before GC invocations=8 (full 1):
 PSYoungGen      total 142336K, used 133105K [0x00000000d5c00000, 0x00000000df100000, 0x0000000100000000)
  eden space 133120K, 99% used [0x00000000d5c00000,0x00000000dddfc500,0x00000000dde00000)
  from space 9216K, 0% used [0x00000000de800000,0x00000000de800000,0x00000000df100000)
  to   space 9728K, 0% used [0x00000000dde00000,0x00000000dde00000,0x00000000de780000)
 ParOldGen       total 53760K, used 6934K [0x0000000081400000, 0x0000000084880000, 0x00000000d5c00000)
  object space 53760K, 12% used [0x0000000081400000,0x0000000081ac5848,0x0000000084880000)
 Metaspace       used 27805K, capacity 28246K, committed 28416K, reserved 1075200K
  class space    used 3473K, capacity 3582K, committed 3584K, reserved 1048576K
Event: 4.657 GC heap after
Heap after GC invocations=8 (full 1):
 PSYoungGen      total 142848K, used 9707K [0x00000000d5c00000, 0x00000000e4c80000, 0x0000000100000000)
  eden space 133120K, 0% used [0x00000000d5c00000,0x00000000d5c00000,0x00000000dde00000)
  from space 9728K, 99% used [0x00000000dde00000,0x00000000de77ae50,0x00000000de780000)
  to   space 12288K, 0% used [0x00000000e4080000,0x00000000e4080000,0x00000000e4c80000)
 ParOldGen       total 53760K, used 10077K [0x0000000081400000, 0x0000000084880000, 0x00000000d5c00000)
  object space 53760K, 18% used [0x0000000081400000,0x0000000081dd7730,0x0000000084880000)
 Metaspace       used 27805K, capacity 28246K, committed 28416K, reserved 1075200K
  class space    used 3473K, capacity 3582K, committed 3584K, reserved 1048576K
}
Event: 5.744 GC heap before
{Heap before GC invocations=9 (full 1):
 PSYoungGen      total 142848K, used 142827K [0x00000000d5c00000, 0x00000000e4c80000, 0x0000000100000000)
  eden space 133120K, 100% used [0x00000000d5c00000,0x00000000dde00000,0x00000000dde00000)
  from space 9728K, 99% used [0x00000000dde00000,0x00000000de77ae50,0x00000000de780000)
  to   space 12288K, 0% used [0x00000000e4080000,0x00000000e4080000,0x00000000e4c80000)
 ParOldGen       total 53760K, used 10077K [0x0000000081400000, 0x0000000084880000, 0x00000000d5c00000)
  object space 53760K, 18% used [0x0000000081400000,0x0000000081dd7730,0x0000000084880000)
 Metaspace       used 31262K, capacity 31712K, committed 32000K, reserved 1077248K
  class space    used 3892K, capacity 3989K, committed 4096K, reserved 1048576K
Event: 5.757 GC heap after
Heap after GC invocations=9 (full 1):
 PSYoungGen      total 227840K, used 12281K [0x00000000d5c00000, 0x00000000e4c80000, 0x0000000100000000)
  eden space 215552K, 0% used [0x00000000d5c00000,0x00000000d5c00000,0x00000000e2e80000)
  from space 12288K, 99% used [0x00000000e4080000,0x00000000e4c7e660,0x00000000e4c80000)
  to   space 15360K, 0% used [0x00000000e2e80000,0x00000000e2e80000,0x00000000e3d80000)
 ParOldGen       total 53760K, used 12563K [0x0000000081400000, 0x0000000084880000, 0x00000000d5c00000)
  object space 53760K, 23% used [0x0000000081400000,0x0000000082044dd8,0x0000000084880000)
 Metaspace       used 31262K, capacity 31712K, committed 32000K, reserved 1077248K
  class space    used 3892K, capacity 3989K, committed 4096K, reserved 1048576K
}
Event: 6.085 GC heap before
{Heap before GC invocations=10 (full 1):
 PSYoungGen      total 227840K, used 42260K [0x00000000d5c00000, 0x00000000e4c80000, 0x0000000100000000)
  eden space 215552K, 13% used [0x00000000d5c00000,0x00000000d79469a0,0x00000000e2e80000)
  from space 12288K, 99% used [0x00000000e4080000,0x00000000e4c7e660,0x00000000e4c80000)
  to   space 15360K, 0% used [0x00000000e2e80000,0x00000000e2e80000,0x00000000e3d80000)
 ParOldGen       total 53760K, used 12563K [0x0000000081400000, 0x0000000084880000, 0x00000000d5c00000)
  object space 53760K, 23% used [0x0000000081400000,0x0000000082044dd8,0x0000000084880000)
 Metaspace       used 34896K, capacity 35302K, committed 35456K, reserved 1081344K
  class space    used 4252K, capacity 4374K, committed 4480K, reserved 1048576K
Event: 6.100 GC heap after
Heap after GC invocations=10 (full 1):
 PSYoungGen      total 230912K, used 15190K [0x00000000d5c00000, 0x00000000e9f80000, 0x0000000100000000)
  eden space 215552K, 0% used [0x00000000d5c00000,0x00000000d5c00000,0x00000000e2e80000)
  from space 15360K, 98% used [0x00000000e2e80000,0x00000000e3d55948,0x00000000e3d80000)
  to   space 17408K, 0% used [0x00000000e8e80000,0x00000000e8e80000,0x00000000e9f80000)
 ParOldGen       total 53760K, used 12571K [0x0000000081400000, 0x0000000084880000, 0x00000000d5c00000)
  object space 53760K, 23% used [0x0000000081400000,0x0000000082046dd8,0x0000000084880000)
 Metaspace       used 34896K, capacity 35302K, committed 35456K, reserved 1081344K
  class space    used 4252K, capacity 4374K, committed 4480K, reserved 1048576K
}
Event: 6.100 GC heap before
{Heap before GC invocations=11 (full 2):
 PSYoungGen      total 230912K, used 15190K [0x00000000d5c00000, 0x00000000e9f80000, 0x0000000100000000)
  eden space 215552K, 0% used [0x00000000d5c00000,0x00000000d5c00000,0x00000000e2e80000)
  from space 15360K, 98% used [0x00000000e2e80000,0x00000000e3d55948,0x00000000e3d80000)
  to   space 17408K, 0% used [0x00000000e8e80000,0x00000000e8e80000,0x00000000e9f80000)
 ParOldGen       total 53760K, used 12571K [0x0000000081400000, 0x0000000084880000, 0x00000000d5c00000)
  object space 53760K, 23% used [0x0000000081400000,0x0000000082046dd8,0x0000000084880000)
 Metaspace       used 34896K, capacity 35302K, committed 35456K, reserved 1081344K
  class space    used 4252K, capacity 4374K, committed 4480K, reserved 1048576K
Event: 6.163 GC heap after
Heap after GC invocations=11 (full 2):
 PSYoungGen      total 230912K, used 0K [0x00000000d5c00000, 0x00000000e9f80000, 0x0000000100000000)
  eden space 215552K, 0% used [0x00000000d5c00000,0x00000000d5c00000,0x00000000e2e80000)
  from space 15360K, 0% used [0x00000000e2e80000,0x00000000e2e80000,0x00000000e3d80000)
  to   space 17408K, 0% used [0x00000000e8e80000,0x00000000e8e80000,0x00000000e9f80000)
 ParOldGen       total 84480K, used 21468K [0x0000000081400000, 0x0000000086680000, 0x00000000d5c00000)
  object space 84480K, 25% used [0x0000000081400000,0x00000000828f70f0,0x0000000086680000)
 Metaspace       used 34896K, capacity 35302K, committed 35456K, reserved 1081344K
  class space    used 4252K, capacity 4374K, committed 4480K, reserved 1048576K
}
Event: 8.954 GC heap before
{Heap before GC invocations=12 (full 2):
 PSYoungGen      total 230912K, used 215552K [0x00000000d5c00000, 0x00000000e9f80000, 0x0000000100000000)
  eden space 215552K, 100% used [0x00000000d5c00000,0x00000000e2e80000,0x00000000e2e80000)
  from space 15360K, 0% used [0x00000000e2e80000,0x00000000e2e80000,0x00000000e3d80000)
  to   space 17408K, 0% used [0x00000000e8e80000,0x00000000e8e80000,0x00000000e9f80000)
 ParOldGen       total 84480K, used 21468K [0x0000000081400000, 0x0000000086680000, 0x00000000d5c00000)
  object space 84480K, 25% used [0x0000000081400000,0x00000000828f70f0,0x0000000086680000)
 Metaspace       used 48455K, capacity 49032K, committed 49280K, reserved 1091584K
  class space    used 6274K, capacity 6419K, committed 6528K, reserved 1048576K
Event: 8.984 GC heap after
Heap after GC invocations=12 (full 2):
 PSYoungGen      total 310272K, used 17382K [0x00000000d5c00000, 0x00000000ea400000, 0x0000000100000000)
  eden space 292864K, 0% used [0x00000000d5c00000,0x00000000d5c00000,0x00000000e7a00000)
  from space 17408K, 99% used [0x00000000e8e80000,0x00000000e9f79b08,0x00000000e9f80000)
  to   space 20992K, 0% used [0x00000000e7a00000,0x00000000e7a00000,0x00000000e8e80000)
 ParOldGen       total 84480K, used 24508K [0x0000000081400000, 0x0000000086680000, 0x00000000d5c00000)
  object space 84480K, 29% used [0x0000000081400000,0x0000000082bef2d0,0x0000000086680000)
 Metaspace       used 48455K, capacity 49032K, committed 49280K, reserved 1091584K
  class space    used 6274K, capacity 6419K, committed 6528K, reserved 1048576K
}

