# JRE version: Java(TM) SE Runtime Environment (8.0_221-b11) (build 1.8.0_221-b11)
# Java VM: Java HotSpot(TM) 64-Bit Server VM (25.221-b11 mixed mode windows-amd64 compressed oops)
Heap:
 PSYoungGen      total 286720K, used 228419K [0x00000000d5c00000, 0x00000000e9b00000, 0x0000000100000000)
  eden space 268800K, 78% used [0x00000000d5c00000,0x00000000e29dc630,0x00000000e6280000)
  from space 17920K, 98% used [0x00000000e8980000,0x00000000e9ab46c0,0x00000000e9b00000)
  to   space 19968K, 0% used [0x00000000e7400000,0x00000000e7400000,0x00000000e8780000)
 ParOldGen       total 96256K, used 22082K [0x0000000081400000, 0x0000000087200000, 0x00000000d5c00000)
  object space 96256K, 22% used [0x0000000081400000,0x0000000082990840,0x0000000087200000)
 Metaspace       used 47717K, capacity 48540K, committed 48808K, reserved 1091584K
  class space    used 6289K, capacity 6490K, committed 6568K, reserved 1048576K
GC Heap History (10 events):
Event: 3.953 GC heap before
{Heap before GC invocations=8 (full 1):
 PSYoungGen      total 142336K, used 133089K [0x00000000d5c00000, 0x00000000df100000, 0x0000000100000000)
  eden space 133120K, 99% used [0x00000000d5c00000,0x00000000dddf8460,0x00000000dde00000)
  from space 9216K, 0% used [0x00000000de800000,0x00000000de800000,0x00000000df100000)
  to   space 9728K, 0% used [0x00000000dde00000,0x00000000dde00000,0x00000000de780000)
 ParOldGen       total 58880K, used 8239K [0x0000000081400000, 0x0000000084d80000, 0x00000000d5c00000)
  object space 58880K, 13% used [0x0000000081400000,0x0000000081c0bca0,0x0000000084d80000)
 Metaspace       used 25996K, capacity 26424K, committed 26544K, reserved 1073152K
  class space    used 3397K, capacity 3499K, committed 3504K, reserved 1048576K
Event: 3.965 GC heap after
Heap after GC invocations=8 (full 1):
 PSYoungGen      total 142848K, used 9717K [0x00000000d5c00000, 0x00000000e4380000, 0x0000000100000000)
  eden space 133120K, 0% used [0x00000000d5c00000,0x00000000d5c00000,0x00000000dde00000)
  from space 9728K, 99% used [0x00000000dde00000,0x00000000de77d7b8,0x00000000de780000)
  to   space 12288K, 0% used [0x00000000e3780000,0x00000000e3780000,0x00000000e4380000)
 ParOldGen       total 58880K, used 10335K [0x0000000081400000, 0x0000000084d80000, 0x00000000d5c00000)
  object space 58880K, 17% used [0x0000000081400000,0x0000000081e17e88,0x0000000084d80000)
 Metaspace       used 25996K, capacity 26424K, committed 26544K, reserved 1073152K
  class space    used 3397K, capacity 3499K, committed 3504K, reserved 1048576K
}
Event: 4.996 GC heap before
{Heap before GC invocations=9 (full 1):
 PSYoungGen      total 142848K, used 142837K [0x00000000d5c00000, 0x00000000e4380000, 0x0000000100000000)
  eden space 133120K, 100% used [0x00000000d5c00000,0x00000000dde00000,0x00000000dde00000)
  from space 9728K, 99% used [0x00000000dde00000,0x00000000de77d7b8,0x00000000de780000)
  to   space 12288K, 0% used [0x00000000e3780000,0x00000000e3780000,0x00000000e4380000)
 ParOldGen       total 58880K, used 10335K [0x0000000081400000, 0x0000000084d80000, 0x00000000d5c00000)
  object space 58880K, 17% used [0x0000000081400000,0x0000000081e17e88,0x0000000084d80000)
 Metaspace       used 32105K, capacity 32654K, committed 32816K, reserved 1077248K
  class space    used 4164K, capacity 4292K, committed 4400K, reserved 1048576K
Event: 5.011 GC heap after
Heap after GC invocations=9 (full 1):
 PSYoungGen      total 221184K, used 12259K [0x00000000d5c00000, 0x00000000e4800000, 0x0000000100000000)
  eden space 208896K, 0% used [0x00000000d5c00000,0x00000000d5c00000,0x00000000e2800000)
  from space 12288K, 99% used [0x00000000e3780000,0x00000000e4378c00,0x00000000e4380000)
  to   space 15872K, 0% used [0x00000000e2800000,0x00000000e2800000,0x00000000e3780000)
 ParOldGen       total 58880K, used 14967K [0x0000000081400000, 0x0000000084d80000, 0x00000000d5c00000)
  object space 58880K, 25% used [0x0000000081400000,0x000000008229dd28,0x0000000084d80000)
 Metaspace       used 32105K, capacity 32654K, committed 32816K, reserved 1077248K
  class space    used 4164K, capacity 4292K, committed 4400K, reserved 1048576K
}
Event: 5.278 GC heap before
{Heap before GC invocations=10 (full 1):
 PSYoungGen      total 221184K, used 37306K [0x00000000d5c00000, 0x00000000e4800000, 0x0000000100000000)
  eden space 208896K, 11% used [0x00000000d5c00000,0x00000000d7475d90,0x00000000e2800000)
  from space 12288K, 99% used [0x00000000e3780000,0x00000000e4378c00,0x00000000e4380000)
  to   space 15872K, 0% used [0x00000000e2800000,0x00000000e2800000,0x00000000e3780000)
 ParOldGen       total 58880K, used 14967K [0x0000000081400000, 0x0000000084d80000, 0x00000000d5c00000)
  object space 58880K, 25% used [0x0000000081400000,0x000000008229dd28,0x0000000084d80000)
 Metaspace       used 34764K, capacity 35342K, committed 35496K, reserved 1079296K
  class space    used 4515K, capacity 4676K, committed 4776K, reserved 1048576K
Event: 5.291 GC heap after
Heap after GC invocations=10 (full 1):
 PSYoungGen      total 224768K, used 14918K [0x00000000d5c00000, 0x00000000e9b00000, 0x0000000100000000)
  eden space 208896K, 0% used [0x00000000d5c00000,0x00000000d5c00000,0x00000000e2800000)
  from space 15872K, 93% used [0x00000000e2800000,0x00000000e3691b50,0x00000000e3780000)
  to   space 17920K, 0% used [0x00000000e8980000,0x00000000e8980000,0x00000000e9b00000)
 ParOldGen       total 58880K, used 14975K [0x0000000081400000, 0x0000000084d80000, 0x00000000d5c00000)
  object space 58880K, 25% used [0x0000000081400000,0x000000008229fd28,0x0000000084d80000)
 Metaspace       used 34764K, capacity 35342K, committed 35496K, reserved 1079296K
  class space    used 4515K, capacity 4676K, committed 4776K, reserved 1048576K
}
Event: 5.291 GC heap before
{Heap before GC invocations=11 (full 2):
 PSYoungGen      total 224768K, used 14918K [0x00000000d5c00000, 0x00000000e9b00000, 0x0000000100000000)
  eden space 208896K, 0% used [0x00000000d5c00000,0x00000000d5c00000,0x00000000e2800000)
  from space 15872K, 93% used [0x00000000e2800000,0x00000000e3691b50,0x00000000e3780000)
  to   space 17920K, 0% used [0x00000000e8980000,0x00000000e8980000,0x00000000e9b00000)
 ParOldGen       total 58880K, used 14975K [0x0000000081400000, 0x0000000084d80000, 0x00000000d5c00000)
  object space 58880K, 25% used [0x0000000081400000,0x000000008229fd28,0x0000000084d80000)
 Metaspace       used 34764K, capacity 35342K, committed 35496K, reserved 1079296K
  class space    used 4515K, capacity 4676K, committed 4776K, reserved 1048576K
Event: 5.371 GC heap after
Heap after GC invocations=11 (full 2):
 PSYoungGen      total 224768K, used 0K [0x00000000d5c00000, 0x00000000e9b00000, 0x0000000100000000)
  eden space 208896K, 0% used [0x00000000d5c00000,0x00000000d5c00000,0x00000000e2800000)
  from space 15872K, 0% used [0x00000000e2800000,0x00000000e2800000,0x00000000e3780000)
  to   space 17920K, 0% used [0x00000000e8980000,0x00000000e8980000,0x00000000e9b00000)
 ParOldGen       total 96256K, used 22074K [0x0000000081400000, 0x0000000087200000, 0x00000000d5c00000)
  object space 96256K, 22% used [0x0000000081400000,0x000000008298e840,0x0000000087200000)
 Metaspace       used 34764K, capacity 35342K, committed 35496K, reserved 1079296K
  class space    used 4515K, capacity 4676K, committed 4776K, reserved 1048576K
}
Event: 7.238 GC heap before
{Heap before GC invocations=12 (full 2):
 PSYoungGen      total 224768K, used 208896K [0x00000000d5c00000, 0x00000000e9b00000, 0x0000000100000000)
  eden space 208896K, 100% used [0x00000000d5c00000,0x00000000e2800000,0x00000000e2800000)
  from space 15872K, 0% used [0x00000000e2800000,0x00000000e2800000,0x00000000e3780000)
  to   space 17920K, 0% used [0x00000000e8980000,0x00000000e8980000,0x00000000e9b00000)
 ParOldGen       total 96256K, used 22074K [0x0000000081400000, 0x0000000087200000, 0x00000000d5c00000)
  object space 96256K, 22% used [0x0000000081400000,0x000000008298e840,0x0000000087200000)
 Metaspace       used 44104K, capacity 44744K, committed 44968K, reserved 1087488K
  class space    used 5842K, capacity 6021K, committed 6056K, reserved 1048576K
Event: 7.258 GC heap after
Heap after GC invocations=12 (full 2):
 PSYoungGen      total 286720K, used 17617K [0x00000000d5c00000, 0x00000000e9b00000, 0x0000000100000000)
  eden space 268800K, 0% used [0x00000000d5c00000,0x00000000d5c00000,0x00000000e6280000)
  from space 17920K, 98% used [0x00000000e8980000,0x00000000e9ab46c0,0x00000000e9b00000)
  to   space 19968K, 0% used [0x00000000e7400000,0x00000000e7400000,0x00000000e8780000)
 ParOldGen       total 96256K, used 22082K [0x0000000081400000, 0x0000000087200000, 0x00000000d5c00000)
  object space 96256K, 22% used [0x0000000081400000,0x0000000082990840,0x0000000087200000)
 Metaspace       used 44104K, capacity 44744K, committed 44968K, reserved 1087488K
  class space    used 5842K, capacity 6021K, committed 6056K, reserved 1048576K
}

