# JRE version: Java(TM) SE Runtime Environment (8.0_221-b11) (build 1.8.0_221-b11)
# Java VM: Java HotSpot(TM) 64-Bit Server VM (25.221-b11 mixed mode windows-amd64 compressed oops)
Heap:
 PSYoungGen      total 292352K, used 48938K [0x00000000d5c00000, 0x00000000ed000000, 0x0000000100000000)
  eden space 273408K, 15% used [0x00000000d5c00000,0x00000000d8470020,0x00000000e6700000)
  from space 18944K, 39% used [0x00000000e7a00000,0x00000000e815ab50,0x00000000e8c80000)
  to   space 19456K, 0% used [0x00000000e6700000,0x00000000e6700000,0x00000000e7a00000)
 ParOldGen       total 95744K, used 30063K [0x0000000081400000, 0x0000000087180000, 0x00000000d5c00000)
  object space 95744K, 31% used [0x0000000081400000,0x000000008315bd90,0x0000000087180000)
 Metaspace       used 48431K, capacity 49410K, committed 49704K, reserved 1091584K
  class space    used 6367K, capacity 6592K, committed 6696K, reserved 1048576K
GC Heap History (10 events):
Event: 4.811 GC heap before
{Heap before GC invocations=11 (full 2):
 PSYoungGen      total 225792K, used 15120K [0x00000000d5c00000, 0x00000000e9c00000, 0x0000000100000000)
  eden space 209920K, 0% used [0x00000000d5c00000,0x00000000d5c00000,0x00000000e2900000)
  from space 15872K, 95% used [0x00000000e2900000,0x00000000e37c4140,0x00000000e3880000)
  to   space 17408K, 0% used [0x00000000e8b00000,0x00000000e8b00000,0x00000000e9c00000)
 ParOldGen       total 59392K, used 14478K [0x0000000081400000, 0x0000000084e00000, 0x00000000d5c00000)
  object space 59392K, 24% used [0x0000000081400000,0x0000000082223a20,0x0000000084e00000)
 Metaspace       used 34711K, capacity 35296K, committed 35496K, reserved 1079296K
  class space    used 4511K, capacity 4679K, committed 4776K, reserved 1048576K
Event: 4.886 GC heap after
Heap after GC invocations=11 (full 2):
 PSYoungGen      total 225792K, used 0K [0x00000000d5c00000, 0x00000000e9c00000, 0x0000000100000000)
  eden space 209920K, 0% used [0x00000000d5c00000,0x00000000d5c00000,0x00000000e2900000)
  from space 15872K, 0% used [0x00000000e2900000,0x00000000e2900000,0x00000000e3880000)
  to   space 17408K, 0% used [0x00000000e8b00000,0x00000000e8b00000,0x00000000e9c00000)
 ParOldGen       total 95744K, used 22084K [0x0000000081400000, 0x0000000087180000, 0x00000000d5c00000)
  object space 95744K, 23% used [0x0000000081400000,0x0000000082991330,0x0000000087180000)
 Metaspace       used 34711K, capacity 35296K, committed 35496K, reserved 1079296K
  class space    used 4511K, capacity 4679K, committed 4776K, reserved 1048576K
}
Event: 6.507 GC heap before
{Heap before GC invocations=12 (full 2):
 PSYoungGen      total 225792K, used 209920K [0x00000000d5c00000, 0x00000000e9c00000, 0x0000000100000000)
  eden space 209920K, 100% used [0x00000000d5c00000,0x00000000e2900000,0x00000000e2900000)
  from space 15872K, 0% used [0x00000000e2900000,0x00000000e2900000,0x00000000e3880000)
  to   space 17408K, 0% used [0x00000000e8b00000,0x00000000e8b00000,0x00000000e9c00000)
 ParOldGen       total 95744K, used 22084K [0x0000000081400000, 0x0000000087180000, 0x00000000d5c00000)
  object space 95744K, 23% used [0x0000000081400000,0x0000000082991330,0x0000000087180000)
 Metaspace       used 44178K, capacity 44768K, committed 44968K, reserved 1087488K
  class space    used 5857K, capacity 6025K, committed 6056K, reserved 1048576K
Event: 6.529 GC heap after
Heap after GC invocations=12 (full 2):
 PSYoungGen      total 289280K, used 17378K [0x00000000d5c00000, 0x00000000e9c00000, 0x0000000100000000)
  eden space 271872K, 0% used [0x00000000d5c00000,0x00000000d5c00000,0x00000000e6580000)
  from space 17408K, 99% used [0x00000000e8b00000,0x00000000e9bf8a68,0x00000000e9c00000)
  to   space 19968K, 0% used [0x00000000e7500000,0x00000000e7500000,0x00000000e8880000)
 ParOldGen       total 95744K, used 22588K [0x0000000081400000, 0x0000000087180000, 0x00000000d5c00000)
  object space 95744K, 23% used [0x0000000081400000,0x0000000082a0f028,0x0000000087180000)
 Metaspace       used 44178K, capacity 44768K, committed 44968K, reserved 1087488K
  class space    used 5857K, capacity 6025K, committed 6056K, reserved 1048576K
}
Event: 289.843 GC heap before
{Heap before GC invocations=13 (full 2):
 PSYoungGen      total 289280K, used 242306K [0x00000000d5c00000, 0x00000000e9c00000, 0x0000000100000000)
  eden space 271872K, 82% used [0x00000000d5c00000,0x00000000e37a7e28,0x00000000e6580000)
  from space 17408K, 99% used [0x00000000e8b00000,0x00000000e9bf8a68,0x00000000e9c00000)
  to   space 19968K, 0% used [0x00000000e7500000,0x00000000e7500000,0x00000000e8880000)
 ParOldGen       total 95744K, used 22588K [0x0000000081400000, 0x0000000087180000, 0x00000000d5c00000)
  object space 95744K, 23% used [0x0000000081400000,0x0000000082a0f028,0x0000000087180000)
 Metaspace       used 47895K, capacity 48622K, committed 48808K, reserved 1091584K
  class space    used 6311K, capacity 6494K, committed 6568K, reserved 1048576K
Event: 289.912 GC heap after
Heap after GC invocations=13 (full 2):
 PSYoungGen      total 276992K, used 4909K [0x00000000d5c00000, 0x00000000e8c80000, 0x0000000100000000)
  eden space 271872K, 0% used [0x00000000d5c00000,0x00000000d5c00000,0x00000000e6580000)
  from space 5120K, 95% used [0x00000000e7500000,0x00000000e79cb710,0x00000000e7a00000)
  to   space 18944K, 0% used [0x00000000e7a00000,0x00000000e7a00000,0x00000000e8c80000)
 ParOldGen       total 95744K, used 31692K [0x0000000081400000, 0x0000000087180000, 0x00000000d5c00000)
  object space 95744K, 33% used [0x0000000081400000,0x00000000832f30d8,0x0000000087180000)
 Metaspace       used 47895K, capacity 48622K, committed 48808K, reserved 1091584K
  class space    used 6311K, capacity 6494K, committed 6568K, reserved 1048576K
}
Event: 289.912 GC heap before
{Heap before GC invocations=14 (full 3):
 PSYoungGen      total 276992K, used 4909K [0x00000000d5c00000, 0x00000000e8c80000, 0x0000000100000000)
  eden space 271872K, 0% used [0x00000000d5c00000,0x00000000d5c00000,0x00000000e6580000)
  from space 5120K, 95% used [0x00000000e7500000,0x00000000e79cb710,0x00000000e7a00000)
  to   space 18944K, 0% used [0x00000000e7a00000,0x00000000e7a00000,0x00000000e8c80000)
 ParOldGen       total 95744K, used 31692K [0x0000000081400000, 0x0000000087180000, 0x00000000d5c00000)
  object space 95744K, 33% used [0x0000000081400000,0x00000000832f30d8,0x0000000087180000)
 Metaspace       used 47895K, capacity 48622K, committed 48808K, reserved 1091584K
  class space    used 6311K, capacity 6494K, committed 6568K, reserved 1048576K
Event: 290.136 GC heap after
Heap after GC invocations=14 (full 3):
 PSYoungGen      total 276992K, used 0K [0x00000000d5c00000, 0x00000000e8c80000, 0x0000000100000000)
  eden space 271872K, 0% used [0x00000000d5c00000,0x00000000d5c00000,0x00000000e6580000)
  from space 5120K, 0% used [0x00000000e7500000,0x00000000e7500000,0x00000000e7a00000)
  to   space 18944K, 0% used [0x00000000e7a00000,0x00000000e7a00000,0x00000000e8c80000)
 ParOldGen       total 95744K, used 30055K [0x0000000081400000, 0x0000000087180000, 0x00000000d5c00000)
  object space 95744K, 31% used [0x0000000081400000,0x0000000083159d90,0x0000000087180000)
 Metaspace       used 47895K, capacity 48622K, committed 48808K, reserved 1091584K
  class space    used 6311K, capacity 6494K, committed 6568K, reserved 1048576K
}
Event: 293.504 GC heap before
{Heap before GC invocations=15 (full 3):
 PSYoungGen      total 276992K, used 271872K [0x00000000d5c00000, 0x00000000e8c80000, 0x0000000100000000)
  eden space 271872K, 100% used [0x00000000d5c00000,0x00000000e6580000,0x00000000e6580000)
  from space 5120K, 0% used [0x00000000e7500000,0x00000000e7500000,0x00000000e7a00000)
  to   space 18944K, 0% used [0x00000000e7a00000,0x00000000e7a00000,0x00000000e8c80000)
 ParOldGen       total 95744K, used 30055K [0x0000000081400000, 0x0000000087180000, 0x00000000d5c00000)
  object space 95744K, 31% used [0x0000000081400000,0x0000000083159d90,0x0000000087180000)
 Metaspace       used 48351K, capacity 49332K, committed 49704K, reserved 1091584K
  class space    used 6359K, capacity 6579K, committed 6696K, reserved 1048576K
Event: 293.517 GC heap after
Heap after GC invocations=15 (full 3):
 PSYoungGen      total 292352K, used 7530K [0x00000000d5c00000, 0x00000000ed000000, 0x0000000100000000)
  eden space 273408K, 0% used [0x00000000d5c00000,0x00000000d5c00000,0x00000000e6700000)
  from space 18944K, 39% used [0x00000000e7a00000,0x00000000e815ab50,0x00000000e8c80000)
  to   space 19456K, 0% used [0x00000000e6700000,0x00000000e6700000,0x00000000e7a00000)
 ParOldGen       total 95744K, used 30063K [0x0000000081400000, 0x0000000087180000, 0x00000000d5c00000)
  object space 95744K, 31% used [0x0000000081400000,0x000000008315bd90,0x0000000087180000)
 Metaspace       used 48351K, capacity 49332K, committed 49704K, reserved 1091584K
  class space    used 6359K, capacity 6579K, committed 6696K, reserved 1048576K
}

