# JRE version: Java(TM) SE Runtime Environment (8.0_221-b11) (build 1.8.0_221-b11)
# Java VM: Java HotSpot(TM) 64-Bit Server VM (25.221-b11 mixed mode windows-amd64 compressed oops)
Heap:
 PSYoungGen      total 279552K, used 160080K [0x00000000d5c00000, 0x00000000e7f00000, 0x0000000100000000)
  eden space 262144K, 61% used [0x00000000d5c00000,0x00000000df8543b8,0x00000000e5c00000)
  from space 17408K, 0% used [0x00000000e6e00000,0x00000000e6e00000,0x00000000e7f00000)
  to   space 17920K, 0% used [0x00000000e5c00000,0x00000000e5c00000,0x00000000e6d80000)
 ParOldGen       total 90624K, used 19883K [0x0000000081400000, 0x0000000086c80000, 0x00000000d5c00000)
  object space 90624K, 21% used [0x0000000081400000,0x000000008276af18,0x0000000086c80000)
 Metaspace       used 53616K, capacity 56868K, committed 57088K, reserved 1097728K
  class space    used 7336K, capacity 7914K, committed 7936K, reserved 1048576K
GC Heap History (10 events):
Event: 4.729 GC heap before
{Heap before GC invocations=9 (full 1):
 PSYoungGen      total 142848K, used 100232K [0x00000000d5c00000, 0x00000000e4780000, 0x0000000100000000)
  eden space 133120K, 68% used [0x00000000d5c00000,0x00000000db48eb48,0x00000000dde00000)
  from space 9728K, 98% used [0x00000000dde00000,0x00000000de753720,0x00000000de780000)
  to   space 11264K, 0% used [0x00000000e3c80000,0x00000000e3c80000,0x00000000e4780000)
 ParOldGen       total 55296K, used 7259K [0x0000000081400000, 0x0000000084a00000, 0x00000000d5c00000)
  object space 55296K, 13% used [0x0000000081400000,0x0000000081b16c70,0x0000000084a00000)
 Metaspace       used 33440K, capacity 35336K, committed 35456K, reserved 1079296K
  class space    used 4337K, capacity 4699K, committed 4736K, reserved 1048576K
Event: 4.745 GC heap after
Heap after GC invocations=9 (full 1):
 PSYoungGen      total 227328K, used 11243K [0x00000000d5c00000, 0x00000000e4800000, 0x0000000100000000)
  eden space 216064K, 0% used [0x00000000d5c00000,0x00000000d5c00000,0x00000000e2f00000)
  from space 11264K, 99% used [0x00000000e3c80000,0x00000000e477acd0,0x00000000e4780000)
  to   space 12800K, 0% used [0x00000000e2f00000,0x00000000e2f00000,0x00000000e3b80000)
 ParOldGen       total 55296K, used 7570K [0x0000000081400000, 0x0000000084a00000, 0x00000000d5c00000)
  object space 55296K, 13% used [0x0000000081400000,0x0000000081b64be0,0x0000000084a00000)
 Metaspace       used 33440K, capacity 35336K, committed 35456K, reserved 1079296K
  class space    used 4337K, capacity 4699K, committed 4736K, reserved 1048576K
}
Event: 4.745 GC heap before
{Heap before GC invocations=10 (full 2):
 PSYoungGen      total 227328K, used 11243K [0x00000000d5c00000, 0x00000000e4800000, 0x0000000100000000)
  eden space 216064K, 0% used [0x00000000d5c00000,0x00000000d5c00000,0x00000000e2f00000)
  from space 11264K, 99% used [0x00000000e3c80000,0x00000000e477acd0,0x00000000e4780000)
  to   space 12800K, 0% used [0x00000000e2f00000,0x00000000e2f00000,0x00000000e3b80000)
 ParOldGen       total 55296K, used 7570K [0x0000000081400000, 0x0000000084a00000, 0x00000000d5c00000)
  object space 55296K, 13% used [0x0000000081400000,0x0000000081b64be0,0x0000000084a00000)
 Metaspace       used 33440K, capacity 35336K, committed 35456K, reserved 1079296K
  class space    used 4337K, capacity 4699K, committed 4736K, reserved 1048576K
Event: 4.845 GC heap after
Heap after GC invocations=10 (full 2):
 PSYoungGen      total 227328K, used 0K [0x00000000d5c00000, 0x00000000e4800000, 0x0000000100000000)
  eden space 216064K, 0% used [0x00000000d5c00000,0x00000000d5c00000,0x00000000e2f00000)
  from space 11264K, 0% used [0x00000000e3c80000,0x00000000e3c80000,0x00000000e4780000)
  to   space 12800K, 0% used [0x00000000e2f00000,0x00000000e2f00000,0x00000000e3b80000)
 ParOldGen       total 90624K, used 16986K [0x0000000081400000, 0x0000000086c80000, 0x00000000d5c00000)
  object space 90624K, 18% used [0x0000000081400000,0x0000000082496bd8,0x0000000086c80000)
 Metaspace       used 33440K, capacity 35336K, committed 35456K, reserved 1079296K
  class space    used 4337K, capacity 4699K, committed 4736K, reserved 1048576K
}
Event: 31.512 GC heap before
{Heap before GC invocations=11 (full 2):
 PSYoungGen      total 227328K, used 216064K [0x00000000d5c00000, 0x00000000e4800000, 0x0000000100000000)
  eden space 216064K, 100% used [0x00000000d5c00000,0x00000000e2f00000,0x00000000e2f00000)
  from space 11264K, 0% used [0x00000000e3c80000,0x00000000e3c80000,0x00000000e4780000)
  to   space 12800K, 0% used [0x00000000e2f00000,0x00000000e2f00000,0x00000000e3b80000)
 ParOldGen       total 90624K, used 16986K [0x0000000081400000, 0x0000000086c80000, 0x00000000d5c00000)
  object space 90624K, 18% used [0x0000000081400000,0x0000000082496bd8,0x0000000086c80000)
 Metaspace       used 52178K, capacity 55160K, committed 55296K, reserved 1097728K
  class space    used 7147K, capacity 7663K, committed 7680K, reserved 1048576K
Event: 31.546 GC heap after
Heap after GC invocations=11 (full 2):
 PSYoungGen      total 228864K, used 12786K [0x00000000d5c00000, 0x00000000e8000000, 0x0000000100000000)
  eden space 216064K, 0% used [0x00000000d5c00000,0x00000000d5c00000,0x00000000e2f00000)
  from space 12800K, 99% used [0x00000000e2f00000,0x00000000e3b7c8d0,0x00000000e3b80000)
  to   space 18432K, 0% used [0x00000000e6e00000,0x00000000e6e00000,0x00000000e8000000)
 ParOldGen       total 90624K, used 27441K [0x0000000081400000, 0x0000000086c80000, 0x00000000d5c00000)
  object space 90624K, 30% used [0x0000000081400000,0x0000000082ecc7c0,0x0000000086c80000)
 Metaspace       used 52178K, capacity 55160K, committed 55296K, reserved 1097728K
  class space    used 7147K, capacity 7663K, committed 7680K, reserved 1048576K
}
Event: 282.755 GC heap before
{Heap before GC invocations=12 (full 2):
 PSYoungGen      total 228864K, used 61388K [0x00000000d5c00000, 0x00000000e8000000, 0x0000000100000000)
  eden space 216064K, 22% used [0x00000000d5c00000,0x00000000d8b76a30,0x00000000e2f00000)
  from space 12800K, 99% used [0x00000000e2f00000,0x00000000e3b7c8d0,0x00000000e3b80000)
  to   space 18432K, 0% used [0x00000000e6e00000,0x00000000e6e00000,0x00000000e8000000)
 ParOldGen       total 90624K, used 27441K [0x0000000081400000, 0x0000000086c80000, 0x00000000d5c00000)
  object space 90624K, 30% used [0x0000000081400000,0x0000000082ecc7c0,0x0000000086c80000)
 Metaspace       used 53238K, capacity 56352K, committed 56576K, reserved 1097728K
  class space    used 7290K, capacity 7840K, committed 7936K, reserved 1048576K
Event: 282.767 GC heap after
Heap after GC invocations=12 (full 2):
 PSYoungGen      total 279552K, used 9768K [0x00000000d5c00000, 0x00000000e7f00000, 0x0000000100000000)
  eden space 262144K, 0% used [0x00000000d5c00000,0x00000000d5c00000,0x00000000e5c00000)
  from space 17408K, 56% used [0x00000000e6e00000,0x00000000e778a150,0x00000000e7f00000)
  to   space 17920K, 0% used [0x00000000e5c00000,0x00000000e5c00000,0x00000000e6d80000)
 ParOldGen       total 90624K, used 27449K [0x0000000081400000, 0x0000000086c80000, 0x00000000d5c00000)
  object space 90624K, 30% used [0x0000000081400000,0x0000000082ece7c0,0x0000000086c80000)
 Metaspace       used 53238K, capacity 56352K, committed 56576K, reserved 1097728K
  class space    used 7290K, capacity 7840K, committed 7936K, reserved 1048576K
}
Event: 282.767 GC heap before
{Heap before GC invocations=13 (full 3):
 PSYoungGen      total 279552K, used 9768K [0x00000000d5c00000, 0x00000000e7f00000, 0x0000000100000000)
  eden space 262144K, 0% used [0x00000000d5c00000,0x00000000d5c00000,0x00000000e5c00000)
  from space 17408K, 56% used [0x00000000e6e00000,0x00000000e778a150,0x00000000e7f00000)
  to   space 17920K, 0% used [0x00000000e5c00000,0x00000000e5c00000,0x00000000e6d80000)
 ParOldGen       total 90624K, used 27449K [0x0000000081400000, 0x0000000086c80000, 0x00000000d5c00000)
  object space 90624K, 30% used [0x0000000081400000,0x0000000082ece7c0,0x0000000086c80000)
 Metaspace       used 53238K, capacity 56352K, committed 56576K, reserved 1097728K
  class space    used 7290K, capacity 7840K, committed 7936K, reserved 1048576K
Event: 282.974 GC heap after
Heap after GC invocations=13 (full 3):
 PSYoungGen      total 279552K, used 0K [0x00000000d5c00000, 0x00000000e7f00000, 0x0000000100000000)
  eden space 262144K, 0% used [0x00000000d5c00000,0x00000000d5c00000,0x00000000e5c00000)
  from space 17408K, 0% used [0x00000000e6e00000,0x00000000e6e00000,0x00000000e7f00000)
  to   space 17920K, 0% used [0x00000000e5c00000,0x00000000e5c00000,0x00000000e6d80000)
 ParOldGen       total 90624K, used 19883K [0x0000000081400000, 0x0000000086c80000, 0x00000000d5c00000)
  object space 90624K, 21% used [0x0000000081400000,0x000000008276af18,0x0000000086c80000)
 Metaspace       used 53238K, capacity 56352K, committed 56576K, reserved 1097728K
  class space    used 7290K, capacity 7840K, committed 7936K, reserved 1048576K
}

